2018-03-04 22:31:51 [main] INFO  GumTreeApiTestStepDefs:38 - Email of newly created user :guvjmqoylx80@gmail.com
2018-03-04 22:33:27 [main] INFO  GumTreeApiTestStepDefs:38 - Email of newly created user :ulwxbmjksi70@gmail.com
2018-03-04 22:33:29 [main] INFO  GumTreeApiTestStepDefs:63 - Status Code: 200
2018-03-04 22:33:30 [main] INFO  GumTreeApiTestStepDefs:63 - Status Code: 201
2018-03-04 22:33:53 [main] INFO  GumTreeApiTestStepDefs:38 - Email of newly created user :wfpjrwkiwj9@gmail.com
2018-03-04 22:33:54 [main] INFO  GumTreeApiTestStepDefs:63 -  /n Status Code: 200
2018-03-04 22:33:55 [main] INFO  GumTreeApiTestStepDefs:63 -  /n Status Code: 201
2018-03-04 22:34:22 [main] INFO  GumTreeApiTestStepDefs:38 - Email of newly created user :xqhlrpqljx45@gmail.com
2018-03-04 22:34:24 [main] INFO  GumTreeApiTestStepDefs:63 -  
 Status Code: 200
2018-03-04 22:34:24 [main] INFO  GumTreeApiTestStepDefs:63 -  
 Status Code: 201
2018-03-04 22:38:18 [main] INFO  GumTreeApiTestStepDefs:37 - Email of newly created user :qszqcgteeo98@gmail.com
2018-03-04 22:38:20 [main] INFO  GumTreeApiTestStepDefs:62 -  
 Status Code: 200
2018-03-04 22:38:21 [main] INFO  GumTreeApiTestStepDefs:62 -  
 Status Code: 201
2018-03-04 22:41:56 [main] INFO  GumTreeApiTestStepDefs:37 - Email of newly created user :khayioskyr41@gmail.com
2018-03-04 22:41:58 [main] INFO  GumTreeApiTestStepDefs:62 -  
 Status Code: 200
2018-03-04 22:41:58 [main] INFO  GumTreeApiTestStepDefs:62 -  
 Status Code: 201
